<?xml version="1.0" encoding="UTF-8"?>
<testng-results ignored="0" total="1" passed="1" failed="0" skipped="0">
  <reporter-output>
  </reporter-output>
  <suite started-at="2018-03-19T20:53:07Z" name="Default suite" finished-at="2018-03-19T20:53:14Z" duration-ms="7776">
    <groups>
    </groups>
    <test started-at="2018-03-19T20:53:07Z" name="Default test" finished-at="2018-03-19T20:53:14Z" duration-ms="7776">
      <class name="Testcases.MouseHover">
        <test-method signature="mouseHover()[pri:0, instance:Testcases.MouseHover@446293d]" started-at="2018-03-19T20:53:07Z" name="mouseHover" finished-at="2018-03-19T20:53:14Z" duration-ms="7731" status="PASS">
          <reporter-output>
          </reporter-output>
        </test-method> <!-- mouseHover -->
      </class> <!-- Testcases.MouseHover -->
    </test> <!-- Default test -->
  </suite> <!-- Default suite -->
</testng-results>
